<?xml version="1.0" encoding="UTF-8"?>
<testsuite name="com.terragon.kotlinffetch.FFetchResponseTest" tests="13" skipped="0" failures="0" errors="0" timestamp="2025-07-22T21:11:07" hostname="e2b.local" time="0.855">
  <properties/>
  <testcase name="testRealAEMResponseExample()" classname="com.terragon.kotlinffetch.FFetchResponseTest" time="0.733"/>
  <testcase name="testMissingRequiredFields()" classname="com.terragon.kotlinffetch.FFetchResponseTest" time="0.034"/>
  <testcase name="testResponseWithSpecialCharacters()" classname="com.terragon.kotlinffetch.FFetchResponseTest" time="0.003"/>
  <testcase name="testToFFetchEntriesWithComplexValues()" classname="com.terragon.kotlinffetch.FFetchResponseTest" time="0.01"/>
  <testcase name="testEmptyResponse()" classname="com.terragon.kotlinffetch.FFetchResponseTest" time="0.004"/>
  <testcase name="testMultiSheetResponseStructure()" classname="com.terragon.kotlinffetch.FFetchResponseTest" time="0.006"/>
  <testcase name="testFFetchResponseWithMixedDataTypes()" classname="com.terragon.kotlinffetch.FFetchResponseTest" time="0.005"/>
  <testcase name="testMalformedJsonHandling()" classname="com.terragon.kotlinffetch.FFetchResponseTest" time="0.003"/>
  <testcase name="testToFFetchEntriesConversion()" classname="com.terragon.kotlinffetch.FFetchResponseTest" time="0.002"/>
  <testcase name="testBasicFFetchResponseDeserialization()" classname="com.terragon.kotlinffetch.FFetchResponseTest" time="0.002"/>
  <testcase name="testFFetchResponseWithEmptyDataArray()" classname="com.terragon.kotlinffetch.FFetchResponseTest" time="0.003"/>
  <testcase name="testInvalidDataTypes()" classname="com.terragon.kotlinffetch.FFetchResponseTest" time="0.001"/>
  <testcase name="testLargeNumberHandling()" classname="com.terragon.kotlinffetch.FFetchResponseTest" time="0.002"/>
  <system-out><![CDATA[]]></system-out>
  <system-err><![CDATA[]]></system-err>
</testsuite>
